<?xml version="1.0" encoding="UTF-8" standalone="no"?><testsuite errors="1" failures="0" name="Search in Google" skipped="0" tests="1" time="7.35" timestamp="2023-05-22 02:49:54"><testcase name="Searching for any topic"><error message="no such element: Unable to locate element: {&quot;method&quot;:&quot;xpath&quot;,&quot;selector&quot;:&quot;//textarea[@title='Buscar']&quot;}&#10;  (Session info: headless chrome=113.0.5672.63)&#10;For documentation on this error, please visit: https://selenium.dev/exceptions/#no_such_element&#10;Build info: version: '4.8.1', revision: '8ebccac989'&#10;System info: os.name: 'Linux', os.arch: 'amd64', os.version: '5.15.0-1037-azure', java.version: '11.0.19'&#10;Driver info: org.openqa.selenium.chrome.ChromeDriver&#10;Command: [09bb125fd17f7f12f4d7f896bbe5a752, findElement {using=xpath, value=//textarea[@title='Buscar']}]&#10;Capabilities {acceptInsecureCerts: true, browserName: chrome, browserVersion: 113.0.5672.63, chrome: {chromedriverVersion: 113.0.5672.63 (0e1a4471d5ae..., userDataDir: /tmp/.com.google.Chrome.O4koPY}, goog:chromeOptions: {debuggerAddress: localhost:36767}, networkConnectionEnabled: false, pageLoadStrategy: normal, platformName: LINUX, proxy: Proxy(), se:cdp: ws://localhost:36767/devtoo..., se:cdpVersion: 113.0.5672.63, setWindowRect: true, strictFileInteractability: false, timeouts: {implicit: 0, pageLoad: 300000, script: 30000}, unhandledPromptBehavior: dismiss and notify, webauthn:extension:credBlob: true, webauthn:extension:largeBlob: true, webauthn:extension:minPinLength: true, webauthn:extension:prf: true, webauthn:virtualAuthenticators: true}&#10;Session ID: 09bb125fd17f7f12f4d7f896bbe5a752" type="org.openqa.selenium.NoSuchElementException">no such element: Unable to locate element: {"method":"xpath","selector":"//textarea[@title='Buscar']"}
  (Session info: headless chrome=113.0.5672.63)
For documentation on this error, please visit: https://selenium.dev/exceptions/#no_such_element
Build info: version: '4.8.1', revision: '8ebccac989'
System info: os.name: 'Linux', os.arch: 'amd64', os.version: '5.15.0-1037-azure', java.version: '11.0.19'
Driver info: org.openqa.selenium.chrome.ChromeDriver
Command: [09bb125fd17f7f12f4d7f896bbe5a752, findElement {using=xpath, value=//textarea[@title='Buscar']}]
Capabilities {acceptInsecureCerts: true, browserName: chrome, browserVersion: 113.0.5672.63, chrome: {chromedriverVersion: 113.0.5672.63 (0e1a4471d5ae..., userDataDir: /tmp/.com.google.Chrome.O4koPY}, goog:chromeOptions: {debuggerAddress: localhost:36767}, networkConnectionEnabled: false, pageLoadStrategy: normal, platformName: LINUX, proxy: Proxy(), se:cdp: ws://localhost:36767/devtoo..., se:cdpVersion: 113.0.5672.63, setWindowRect: true, strictFileInteractability: false, timeouts: {implicit: 0, pageLoad: 300000, script: 30000}, unhandledPromptBehavior: dismiss and notify, webauthn:extension:credBlob: true, webauthn:extension:largeBlob: true, webauthn:extension:minPinLength: true, webauthn:extension:prf: true, webauthn:virtualAuthenticators: true}
Session ID: 09bb125fd17f7f12f4d7f896bbe5a752</error><system-err>no such element: Unable to locate element: {"method":"xpath","selector":"//textarea[@title='Buscar']"}
  (Session info: headless chrome=113.0.5672.63)
For documentation on this error, please visit: https://selenium.dev/exceptions/#no_such_element
Build info: version: '4.8.1', revision: '8ebccac989'
System info: os.name: 'Linux', os.arch: 'amd64', os.version: '5.15.0-1037-azure', java.version: '11.0.19'
Driver info: org.openqa.selenium.chrome.ChromeDriver
Command: [09bb125fd17f7f12f4d7f896bbe5a752, findElement {using=xpath, value=//textarea[@title='Buscar']}]
Capabilities {acceptInsecureCerts: true, browserName: chrome, browserVersion: 113.0.5672.63, chrome: {chromedriverVersion: 113.0.5672.63 (0e1a4471d5ae..., userDataDir: /tmp/.com.google.Chrome.O4koPY}, goog:chromeOptions: {debuggerAddress: localhost:36767}, networkConnectionEnabled: false, pageLoadStrategy: normal, platformName: LINUX, proxy: Proxy(), se:cdp: ws://localhost:36767/devtoo..., se:cdpVersion: 113.0.5672.63, setWindowRect: true, strictFileInteractability: false, timeouts: {implicit: 0, pageLoad: 300000, script: 30000}, unhandledPromptBehavior: dismiss and notify, webauthn:extension:credBlob: true, webauthn:extension:largeBlob: true, webauthn:extension:minPinLength: true, webauthn:extension:prf: true, webauthn:virtualAuthenticators: true}
Session ID: 09bb125fd17f7f12f4d7f896bbe5a752
com.test.task.SearchInformation.performAs(SearchInformation.java:25)
com.test.stepdefinitions.SearchGoogleStepdefinitions.searchInGooogle(SearchGoogleStepdefinitions.java:13)
io.cucumber.java.Invoker.doInvoke(Invoker.java:66)
io.cucumber.java.Invoker.invoke(Invoker.java:24)
io.cucumber.java.AbstractGlueDefinition.invokeMethod(AbstractGlueDefinition.java:47)
io.cucumber.java.JavaStepDefinition.execute(JavaStepDefinition.java:29)
io.cucumber.core.runner.CoreStepDefinition.execute(CoreStepDefinition.java:66)
io.cucumber.core.runner.PickleStepDefinitionMatch.runStep(PickleStepDefinitionMatch.java:63)
io.cucumber.core.runner.TestStep.executeStep(TestStep.java:84)
io.cucumber.core.runner.TestStep.run(TestStep.java:56)
io.cucumber.core.runner.PickleStepTestStep.run(PickleStepTestStep.java:51)
io.cucumber.core.runner.TestCase.run(TestCase.java:84)
io.cucumber.core.runner.Runner.runPickle(Runner.java:75)
io.cucumber.core.runtime.CucumberExecutionContext.lambda$runTestCase$5(CucumberExecutionContext.java:130)
io.cucumber.core.runtime.RethrowingThrowableCollector.executeAndThrow(RethrowingThrowableCollector.java:23)
io.cucumber.core.runtime.CucumberExecutionContext.runTestCase(CucumberExecutionContext.java:130)
io.cucumber.junit.FeatureRunner.runChild(FeatureRunner.java:144)
io.cucumber.junit.FeatureRunner.runChild(FeatureRunner.java:28)
io.cucumber.junit.FeatureRunner.run(FeatureRunner.java:137)
io.cucumber.junit.CucumberSerenityBaseRunner.runChild(CucumberSerenityBaseRunner.java:330)
io.cucumber.junit.CucumberSerenityBaseRunner.runChild(CucumberSerenityBaseRunner.java:51)
worker.org.gradle.process.internal.worker.GradleWorkerMain.run(GradleWorkerMain.java:69)
worker.org.gradle.process.internal.worker.GradleWorkerMain.main(GradleWorkerMain.java:74)
</system-err></testcase></testsuite>